Traceback (most recent call last):
  File "/usr/share/miniconda3/envs/egu22pygmt/lib/python3.9/site-packages/jupyter_cache/executors/utils.py", line 51, in single_nb_execution
    executenb(
  File "/usr/share/miniconda3/envs/egu22pygmt/lib/python3.9/site-packages/nbclient/client.py", line 1204, in execute
    return NotebookClient(nb=nb, resources=resources, km=km, **kwargs).execute()
  File "/usr/share/miniconda3/envs/egu22pygmt/lib/python3.9/site-packages/nbclient/util.py", line 84, in wrapped
    return just_run(coro(*args, **kwargs))
  File "/usr/share/miniconda3/envs/egu22pygmt/lib/python3.9/site-packages/nbclient/util.py", line 62, in just_run
    return loop.run_until_complete(coro)
  File "/usr/share/miniconda3/envs/egu22pygmt/lib/python3.9/asyncio/base_events.py", line 647, in run_until_complete
    return future.result()
  File "/usr/share/miniconda3/envs/egu22pygmt/lib/python3.9/site-packages/nbclient/client.py", line 663, in async_execute
    await self.async_execute_cell(
  File "/usr/share/miniconda3/envs/egu22pygmt/lib/python3.9/site-packages/nbclient/client.py", line 965, in async_execute_cell
    await self._check_raise_for_error(cell, cell_index, exec_reply)
  File "/usr/share/miniconda3/envs/egu22pygmt/lib/python3.9/site-packages/nbclient/client.py", line 862, in _check_raise_for_error
    raise CellExecutionError.from_cell_and_msg(cell, exec_reply_content)
nbclient.exceptions.CellExecutionError: An error occurred while executing the following cell:
------------------
grid.rio.to_raster(raster_path="DSM_of_Wellington.tif")
------------------

[0;31m---------------------------------------------------------------------------[0m
[0;31mAttributeError[0m                            Traceback (most recent call last)
Cell [0;32mIn[16], line 1[0m
[0;32m----> 1[0m [43mgrid[49m[38;5;241;43m.[39;49m[43mrio[49m[38;5;241;43m.[39;49m[43mto_raster[49m[43m([49m[43mraster_path[49m[38;5;241;43m=[39;49m[38;5;124;43m"[39;49m[38;5;124;43mDSM_of_Wellington.tif[39;49m[38;5;124;43m"[39;49m[43m)[49m

File [0;32m/usr/share/miniconda3/envs/egu22pygmt/lib/python3.9/site-packages/rioxarray/raster_array.py:1100[0m, in [0;36mRasterArray.to_raster[0;34m(self, raster_path, driver, dtype, tags, windowed, recalc_transform, lock, compute, **profile_kwargs)[0m
[1;32m   1081[0m out_profile [38;5;241m=[39m {
[1;32m   1082[0m     key: value
[1;32m   1083[0m     [38;5;28;01mfor[39;00m key, value [38;5;129;01min[39;00m out_profile[38;5;241m.[39mitems()
[0;32m   (...)[0m
[1;32m   1094[0m     )
[1;32m   1095[0m }
[1;32m   1096[0m rio_nodata [38;5;241m=[39m (
[1;32m   1097[0m     [38;5;28mself[39m[38;5;241m.[39mencoded_nodata [38;5;28;01mif[39;00m [38;5;28mself[39m[38;5;241m.[39mencoded_nodata [38;5;129;01mis[39;00m [38;5;129;01mnot[39;00m [38;5;28;01mNone[39;00m [38;5;28;01melse[39;00m [38;5;28mself[39m[38;5;241m.[39mnodata
[1;32m   1098[0m )
[0;32m-> 1100[0m [38;5;28;01mreturn[39;00m [43mRasterioWriter[49m[43m([49m[43mraster_path[49m[38;5;241;43m=[39;49m[43mraster_path[49m[43m)[49m[38;5;241;43m.[39;49m[43mto_raster[49m[43m([49m
[1;32m   1101[0m [43m    [49m[43mxarray_dataarray[49m[38;5;241;43m=[39;49m[38;5;28;43mself[39;49m[38;5;241;43m.[39;49m[43m_obj[49m[43m,[49m
[1;32m   1102[0m [43m    [49m[43mtags[49m[38;5;241;43m=[39;49m[43mtags[49m[43m,[49m
[1;32m   1103[0m [43m    [49m[43mdriver[49m[38;5;241;43m=[39;49m[43mdriver[49m[43m,[49m
[1;32m   1104[0m [43m    [49m[43mheight[49m[38;5;241;43m=[39;49m[38;5;28;43mint[39;49m[43m([49m[38;5;28;43mself[39;49m[38;5;241;43m.[39;49m[43mheight[49m[43m)[49m[43m,[49m
[1;32m   1105[0m [43m    [49m[43mwidth[49m[38;5;241;43m=[39;49m[38;5;28;43mint[39;49m[43m([49m[38;5;28;43mself[39;49m[38;5;241;43m.[39;49m[43mwidth[49m[43m)[49m[43m,[49m
[1;32m   1106[0m [43m    [49m[43mcount[49m[38;5;241;43m=[39;49m[38;5;28;43mint[39;49m[43m([49m[38;5;28;43mself[39;49m[38;5;241;43m.[39;49m[43mcount[49m[43m)[49m[43m,[49m
[1;32m   1107[0m [43m    [49m[43mdtype[49m[38;5;241;43m=[39;49m[43mdtype[49m[43m,[49m
[1;32m   1108[0m [43m    [49m[43mcrs[49m[38;5;241;43m=[39;49m[38;5;28;43mself[39;49m[38;5;241;43m.[39;49m[43mcrs[49m[43m,[49m
[1;32m   1109[0m [43m    [49m[43mtransform[49m[38;5;241;43m=[39;49m[38;5;28;43mself[39;49m[38;5;241;43m.[39;49m[43mtransform[49m[43m([49m[43mrecalc[49m[38;5;241;43m=[39;49m[43mrecalc_transform[49m[43m)[49m[43m,[49m
[1;32m   1110[0m [43m    [49m[43mgcps[49m[38;5;241;43m=[39;49m[38;5;28;43mself[39;49m[38;5;241;43m.[39;49m[43mget_gcps[49m[43m([49m[43m)[49m[43m,[49m
[1;32m   1111[0m [43m    [49m[43mnodata[49m[38;5;241;43m=[39;49m[43mrio_nodata[49m[43m,[49m
[1;32m   1112[0m [43m    [49m[43mwindowed[49m[38;5;241;43m=[39;49m[43mwindowed[49m[43m,[49m
[1;32m   1113[0m [43m    [49m[43mlock[49m[38;5;241;43m=[39;49m[43mlock[49m[43m,[49m
[1;32m   1114[0m [43m    [49m[43mcompute[49m[38;5;241;43m=[39;49m[43mcompute[49m[43m,[49m
[1;32m   1115[0m [43m    [49m[38;5;241;43m*[39;49m[38;5;241;43m*[39;49m[43mout_profile[49m[43m,[49m
[1;32m   1116[0m [43m[49m[43m)[49m

File [0;32m/usr/share/miniconda3/envs/egu22pygmt/lib/python3.9/site-packages/rioxarray/raster_writer.py:252[0m, in [0;36mRasterioWriter.to_raster[0;34m(self, xarray_dataarray, tags, windowed, lock, compute, **kwargs)[0m
[1;32m    250[0m [38;5;28;01melse[39;00m:
[1;32m    251[0m     out_data [38;5;241m=[39m xarray_dataarray
[0;32m--> 252[0m data [38;5;241m=[39m [43mencode_cf_variable[49m[43m([49m[43mout_data[49m[43m)[49m[38;5;241m.[39mvalues[38;5;241m.[39mastype(numpy_dtype)
[1;32m    253[0m [38;5;28;01mif[39;00m data[38;5;241m.[39mndim [38;5;241m==[39m [38;5;241m2[39m:
[1;32m    254[0m     rds[38;5;241m.[39mwrite(data, [38;5;241m1[39m, window[38;5;241m=[39mwindow)

File [0;32m/usr/share/miniconda3/envs/egu22pygmt/lib/python3.9/site-packages/xarray/conventions.py:183[0m, in [0;36mencode_cf_variable[0;34m(var, needs_copy, name)[0m
[1;32m    161[0m [38;5;28;01mdef[39;00m [38;5;21mencode_cf_variable[39m(
[1;32m    162[0m     var: Variable, needs_copy: [38;5;28mbool[39m [38;5;241m=[39m [38;5;28;01mTrue[39;00m, name: T_Name [38;5;241m=[39m [38;5;28;01mNone[39;00m
[1;32m    163[0m ) [38;5;241m-[39m[38;5;241m>[39m Variable:
[1;32m    164[0m [38;5;250m    [39m[38;5;124;03m"""[39;00m
[1;32m    165[0m [38;5;124;03m    Converts a Variable into a Variable which follows some[39;00m
[1;32m    166[0m [38;5;124;03m    of the CF conventions:[39;00m
[0;32m   (...)[0m
[1;32m    181[0m [38;5;124;03m        A variable which has been encoded as described above.[39;00m
[1;32m    182[0m [38;5;124;03m    """[39;00m
[0;32m--> 183[0m     [43mensure_not_multiindex[49m[43m([49m[43mvar[49m[43m,[49m[43m [49m[43mname[49m[38;5;241;43m=[39;49m[43mname[49m[43m)[49m
[1;32m    185[0m     [38;5;28;01mfor[39;00m coder [38;5;129;01min[39;00m [
[1;32m    186[0m         times[38;5;241m.[39mCFDatetimeCoder(),
[1;32m    187[0m         times[38;5;241m.[39mCFTimedeltaCoder(),
[0;32m   (...)[0m
[1;32m    194[0m         variables[38;5;241m.[39mBooleanCoder(),
[1;32m    195[0m     ]:
[1;32m    196[0m         var [38;5;241m=[39m coder[38;5;241m.[39mencode(var, name[38;5;241m=[39mname)

File [0;32m/usr/share/miniconda3/envs/egu22pygmt/lib/python3.9/site-packages/xarray/conventions.py:88[0m, in [0;36mensure_not_multiindex[0;34m(var, name)[0m
[1;32m     86[0m [38;5;28;01mdef[39;00m [38;5;21mensure_not_multiindex[39m(var: Variable, name: T_Name [38;5;241m=[39m [38;5;28;01mNone[39;00m) [38;5;241m-[39m[38;5;241m>[39m [38;5;28;01mNone[39;00m:
[1;32m     87[0m     [38;5;66;03m# only the pandas multi-index dimension coordinate cannot be serialized (tuple values)[39;00m
[0;32m---> 88[0m     [38;5;28;01mif[39;00m [38;5;28misinstance[39m([43mvar[49m[38;5;241;43m.[39;49m[43m_data[49m, indexing[38;5;241m.[39mPandasMultiIndexingAdapter):
[1;32m     89[0m         [38;5;28;01mif[39;00m name [38;5;129;01mis[39;00m [38;5;28;01mNone[39;00m [38;5;129;01mand[39;00m [38;5;28misinstance[39m(var, IndexVariable):
[1;32m     90[0m             name [38;5;241m=[39m var[38;5;241m.[39mname

File [0;32m/usr/share/miniconda3/envs/egu22pygmt/lib/python3.9/site-packages/xarray/core/common.py:285[0m, in [0;36mAttrAccessMixin.__getattr__[0;34m(self, name)[0m
[1;32m    283[0m         [38;5;28;01mwith[39;00m suppress([38;5;167;01mKeyError[39;00m):
[1;32m    284[0m             [38;5;28;01mreturn[39;00m source[name]
[0;32m--> 285[0m [38;5;28;01mraise[39;00m [38;5;167;01mAttributeError[39;00m(
[1;32m    286[0m     [38;5;124mf[39m[38;5;124m"[39m[38;5;132;01m{[39;00m[38;5;28mtype[39m([38;5;28mself[39m)[38;5;241m.[39m[38;5;18m__name__[39m[38;5;132;01m!r}[39;00m[38;5;124m object has no attribute [39m[38;5;132;01m{[39;00mname[38;5;132;01m!r}[39;00m[38;5;124m"[39m
[1;32m    287[0m )

[0;31mAttributeError[0m: 'DataArray' object has no attribute '_data'
AttributeError: 'DataArray' object has no attribute '_data'

